#
# There is insufficient memory for the Java Runtime Environment to continue.
# Native memory allocation (malloc) failed to allocate 671216 bytes for Chunk::new
# Possible reasons:
#   The system is out of physical RAM or swap space
#   The process is running with CompressedOops enabled, and the Java Heap may be blocking the growth of the native heap
# Possible solutions:
#   Reduce memory load on the system
#   Increase physical memory or swap space
#   Check if swap backing store is full
#   Decrease Java heap size (-Xmx/-Xms)
#   Decrease number of Java threads
#   Decrease Java thread stack sizes (-Xss)
#   Set larger code cache with -XX:ReservedCodeCacheSize=
#   JVM is running with Unscaled Compressed Oops mode in which the Java heap is
#     placed in the first 4GB address space. The Java Heap base address is the
#     maximum limit for the native heap growth. Please use -XX:HeapBaseMinAddress
#     to set the Java Heap base and to place the Java Heap above 4GB virtual address.
# This output file may be truncated or incomplete.
#
#  Out of Memory Error (arena.cpp:189), pid=11068, tid=19524
#
# JRE version: Java(TM) SE Runtime Environment (17.0.9+11) (build 17.0.9+11-LTS-201)
# Java VM: Java HotSpot(TM) 64-Bit Server VM (17.0.9+11-LTS-201, mixed mode, sharing, tiered, compressed oops, compressed class ptrs, g1 gc, windows-amd64)
# No core dump will be written. Minidumps are not enabled by default on client versions of Windows
#

---------------  S U M M A R Y ------------

Command Line: -Dclassworlds.conf=C:\Program Files\apache-maven-3.9.5\bin\m2.conf -Dmaven.home=C:\Program Files\apache-maven-3.9.5 -Dlibrary.jansi.path=C:\Program Files\apache-maven-3.9.5\lib\jansi-native -Dmaven.multiModuleProjectDirectory=C:\Ecab\ecab org.codehaus.plexus.classworlds.launcher.Launcher clean install

Host: Intel(R) Core(TM) i5-6200U CPU @ 2.30GHz, 4 cores, 7G,  Windows 10 , 64 bit Build 19041 (10.0.19041.3636)
Time: Tue Sep 17 16:54:24 2024 W. Central Africa Standard Time elapsed time: 4.849385 seconds (0d 0h 0m 4s)

---------------  T H R E A D  ---------------

Current thread (0x0000023de7c88910):  JavaThread "C2 CompilerThread1" daemon [_thread_in_native, id=19524, stack(0x000000eded000000,0x000000eded100000)]


Current CompileTask:
C2:   4850 2587   !   4       java.net.URL::<init> (543 bytes)

Stack: [0x000000eded000000,0x000000eded100000]
Native frames: (J=compiled Java code, j=interpreted, Vv=VM code, C=native code)
V  [jvm.dll+0x678a4a]
V  [jvm.dll+0x7d9cfd]
V  [jvm.dll+0x7db60e]
V  [jvm.dll+0x7dbc73]
V  [jvm.dll+0x245e1f]
V  [jvm.dll+0xaaafb]
V  [jvm.dll+0xab09c]
V  [jvm.dll+0x36232f]
V  [jvm.dll+0x32ca01]
V  [jvm.dll+0x32be9a]
V  [jvm.dll+0x21812f]
V  [jvm.dll+0x217561]
V  [jvm.dll+0x1a3bc0]
V  [jvm.dll+0x2272de]
V  [jvm.dll+0x22548b]
V  [jvm.dll+0x78f58c]
V  [jvm.dll+0x78998a]
V  [jvm.dll+0x677875]
C  [ucrtbase.dll+0x21bb2]
C  [KERNEL32.DLL+0x17344]
C  [ntdll.dll+0x526b1]


---------------  P R O C E S S  ---------------

Threads class SMR info:
_java_thread_list=0x0000023de813cb20, length=13, elements={
0x0000023d84264360, 0x0000023da1a74ee0, 0x0000023da1a76410, 0x0000023da1a8b720,
0x0000023da1a90510, 0x0000023da1a90de0, 0x0000023da1a925f0, 0x0000023da1a996f0,
0x0000023da1a9a0b0, 0x0000023da1a9d170, 0x0000023de70a96f0, 0x0000023de70b9bf0,
0x0000023de7c88910
}

Java Threads: ( => current thread )
  0x0000023d84264360 JavaThread "main" [_thread_in_vm, id=12204, stack(0x000000edebd00000,0x000000edebe00000)]
  0x0000023da1a74ee0 JavaThread "Reference Handler" daemon [_thread_blocked, id=11188, stack(0x000000edec400000,0x000000edec500000)]
  0x0000023da1a76410 JavaThread "Finalizer" daemon [_thread_blocked, id=21428, stack(0x000000edec500000,0x000000edec600000)]
  0x0000023da1a8b720 JavaThread "Signal Dispatcher" daemon [_thread_blocked, id=17428, stack(0x000000edec600000,0x000000edec700000)]
  0x0000023da1a90510 JavaThread "Attach Listener" daemon [_thread_blocked, id=264, stack(0x000000edec700000,0x000000edec800000)]
  0x0000023da1a90de0 JavaThread "Service Thread" daemon [_thread_blocked, id=12484, stack(0x000000edec800000,0x000000edec900000)]
  0x0000023da1a925f0 JavaThread "Monitor Deflation Thread" daemon [_thread_blocked, id=5660, stack(0x000000edec900000,0x000000edeca00000)]
  0x0000023da1a996f0 JavaThread "C2 CompilerThread0" daemon [_thread_blocked, id=7152, stack(0x000000edeca00000,0x000000edecb00000)]
  0x0000023da1a9a0b0 JavaThread "C1 CompilerThread0" daemon [_thread_blocked, id=6156, stack(0x000000edecb00000,0x000000edecc00000)]
  0x0000023da1a9d170 JavaThread "Sweeper thread" daemon [_thread_blocked, id=8636, stack(0x000000edecc00000,0x000000edecd00000)]
  0x0000023de70a96f0 JavaThread "Notification Thread" daemon [_thread_blocked, id=10896, stack(0x000000edecd00000,0x000000edece00000)]
  0x0000023de70b9bf0 JavaThread "Common-Cleaner" daemon [_thread_blocked, id=16856, stack(0x000000edecf00000,0x000000eded000000)]
=>0x0000023de7c88910 JavaThread "C2 CompilerThread1" daemon [_thread_in_native, id=19524, stack(0x000000eded000000,0x000000eded100000)]

Other Threads:
  0x0000023da1a70c30 VMThread "VM Thread" [stack: 0x000000edec300000,0x000000edec400000] [id=2132]
  0x0000023d842d82b0 WatcherThread [stack: 0x000000edece00000,0x000000edecf00000] [id=15060]
  0x0000023d842bd610 GCTaskThread "GC Thread#0" [stack: 0x000000edebe00000,0x000000edebf00000] [id=12636]
  0x0000023de787d300 GCTaskThread "GC Thread#1" [stack: 0x000000eded100000,0x000000eded200000] [id=21224]
  0x0000023de787c9e0 GCTaskThread "GC Thread#2" [stack: 0x000000eded200000,0x000000eded300000] [id=5844]
  0x0000023de7aceb20 GCTaskThread "GC Thread#3" [stack: 0x000000eded300000,0x000000eded400000] [id=8516]
  0x0000023d842cf080 ConcurrentGCThread "G1 Main Marker" [stack: 0x000000edebf00000,0x000000edec000000] [id=16512]
  0x0000023d842d09b0 ConcurrentGCThread "G1 Conc#0" [stack: 0x000000edec000000,0x000000edec100000] [id=3504]
  0x0000023d84337c80 ConcurrentGCThread "G1 Refine#0" [stack: 0x000000edec100000,0x000000edec200000] [id=7644]
  0x0000023de7acd8d0 ConcurrentGCThread "G1 Refine#1" [stack: 0x000000eded400000,0x000000eded500000] [id=15688]
  0x0000023d843385c0 ConcurrentGCThread "G1 Service" [stack: 0x000000edec200000,0x000000edec300000] [id=10308]

Threads with active compile tasks:
C2 CompilerThread1     4950 2587   !   4       java.net.URL::<init> (543 bytes)

VM state: not at safepoint (normal execution)

VM Mutex/Monitor currently owned by a thread: None

Heap address: 0x0000000082000000, size: 2016 MB, Compressed Oops mode: 32-bit

CDS archive(s) mapped at: [0x0000023da2000000-0x0000023da2bd0000-0x0000023da2bd0000), size 12386304, SharedBaseAddress: 0x0000023da2000000, ArchiveRelocationMode: 1.
Compressed class space mapped at: 0x0000023da3000000-0x0000023de3000000, reserved size: 1073741824
Narrow klass base: 0x0000023da2000000, Narrow klass shift: 0, Narrow klass range: 0x100000000

GC Precious Log:
 CPUs: 4 total, 4 available
 Memory: 8063M
 Large Page Support: Disabled
 NUMA Support: Disabled
 Compressed Oops: Enabled (32-bit)
 Heap Region Size: 1M
 Heap Min Capacity: 8M
 Heap Initial Capacity: 126M
 Heap Max Capacity: 2016M
 Pre-touch: Disabled
 Parallel Workers: 4
 Concurrent Workers: 1
 Concurrent Refinement Workers: 4
 Periodic GC: Disabled

Heap:
 garbage-first heap   total 129024K, used 23096K [0x0000000082000000, 0x0000000100000000)
  region size 1024K, 21 young (21504K), 3 survivors (3072K)
 Metaspace       used 14021K, committed 14208K, reserved 1114112K
  class space    used 1714K, committed 1792K, reserved 1048576K

Heap Regions: E=young(eden), S=young(survivor), O=old, HS=humongous(starts), HC=humongous(continues), CS=collection set, F=free, OA=open archive, CA=closed archive, TAMS=top-at-mark-start (previous, next)
|   0|0x0000000082000000, 0x0000000082100000, 0x0000000082100000|100%| O|  |TAMS 0x0000000082000000, 0x0000000082000000| Untracked 
|   1|0x0000000082100000, 0x0000000082200000, 0x0000000082200000|100%| O|  |TAMS 0x0000000082100000, 0x0000000082100000| Untracked 
|   2|0x0000000082200000, 0x0000000082300000, 0x0000000082300000|100%| O|  |TAMS 0x0000000082200000, 0x0000000082200000| Untracked 
|   3|0x0000000082300000, 0x0000000082338200, 0x0000000082400000| 21%| O|  |TAMS 0x0000000082300000, 0x0000000082300000| Untracked 
|   4|0x0000000082400000, 0x0000000082400000, 0x0000000082500000|  0%| F|  |TAMS 0x0000000082400000, 0x0000000082400000| Untracked 
|   5|0x0000000082500000, 0x0000000082500000, 0x0000000082600000|  0%| F|  |TAMS 0x0000000082500000, 0x0000000082500000| Untracked 
|   6|0x0000000082600000, 0x0000000082600000, 0x0000000082700000|  0%| F|  |TAMS 0x0000000082600000, 0x0000000082600000| Untracked 
|   7|0x0000000082700000, 0x0000000082700000, 0x0000000082800000|  0%| F|  |TAMS 0x0000000082700000, 0x0000000082700000| Untracked 
|   8|0x0000000082800000, 0x0000000082800000, 0x0000000082900000|  0%| F|  |TAMS 0x0000000082800000, 0x0000000082800000| Untracked 
|   9|0x0000000082900000, 0x0000000082900000, 0x0000000082a00000|  0%| F|  |TAMS 0x0000000082900000, 0x0000000082900000| Untracked 
|  10|0x0000000082a00000, 0x0000000082a00000, 0x0000000082b00000|  0%| F|  |TAMS 0x0000000082a00000, 0x0000000082a00000| Untracked 
|  11|0x0000000082b00000, 0x0000000082b00000, 0x0000000082c00000|  0%| F|  |TAMS 0x0000000082b00000, 0x0000000082b00000| Untracked 
|  12|0x0000000082c00000, 0x0000000082c00000, 0x0000000082d00000|  0%| F|  |TAMS 0x0000000082c00000, 0x0000000082c00000| Untracked 
|  13|0x0000000082d00000, 0x0000000082d00000, 0x0000000082e00000|  0%| F|  |TAMS 0x0000000082d00000, 0x0000000082d00000| Untracked 
|  14|0x0000000082e00000, 0x0000000082e00000, 0x0000000082f00000|  0%| F|  |TAMS 0x0000000082e00000, 0x0000000082e00000| Untracked 
|  15|0x0000000082f00000, 0x0000000082f00000, 0x0000000083000000|  0%| F|  |TAMS 0x0000000082f00000, 0x0000000082f00000| Untracked 
|  16|0x0000000083000000, 0x0000000083000000, 0x0000000083100000|  0%| F|  |TAMS 0x0000000083000000, 0x0000000083000000| Untracked 
|  17|0x0000000083100000, 0x0000000083100000, 0x0000000083200000|  0%| F|  |TAMS 0x0000000083100000, 0x0000000083100000| Untracked 
|  18|0x0000000083200000, 0x0000000083200000, 0x0000000083300000|  0%| F|  |TAMS 0x0000000083200000, 0x0000000083200000| Untracked 
|  19|0x0000000083300000, 0x0000000083300000, 0x0000000083400000|  0%| F|  |TAMS 0x0000000083300000, 0x0000000083300000| Untracked 
|  20|0x0000000083400000, 0x0000000083400000, 0x0000000083500000|  0%| F|  |TAMS 0x0000000083400000, 0x0000000083400000| Untracked 
|  21|0x0000000083500000, 0x0000000083500000, 0x0000000083600000|  0%| F|  |TAMS 0x0000000083500000, 0x0000000083500000| Untracked 
|  22|0x0000000083600000, 0x0000000083600000, 0x0000000083700000|  0%| F|  |TAMS 0x0000000083600000, 0x0000000083600000| Untracked 
|  23|0x0000000083700000, 0x0000000083700000, 0x0000000083800000|  0%| F|  |TAMS 0x0000000083700000, 0x0000000083700000| Untracked 
|  24|0x0000000083800000, 0x0000000083800000, 0x0000000083900000|  0%| F|  |TAMS 0x0000000083800000, 0x0000000083800000| Untracked 
|  25|0x0000000083900000, 0x0000000083900000, 0x0000000083a00000|  0%| F|  |TAMS 0x0000000083900000, 0x0000000083900000| Untracked 
|  26|0x0000000083a00000, 0x0000000083a00000, 0x0000000083b00000|  0%| F|  |TAMS 0x0000000083a00000, 0x0000000083a00000| Untracked 
|  27|0x0000000083b00000, 0x0000000083b00000, 0x0000000083c00000|  0%| F|  |TAMS 0x0000000083b00000, 0x0000000083b00000| Untracked 
|  28|0x0000000083c00000, 0x0000000083c00000, 0x0000000083d00000|  0%| F|  |TAMS 0x0000000083c00000, 0x0000000083c00000| Untracked 
|  29|0x0000000083d00000, 0x0000000083d00000, 0x0000000083e00000|  0%| F|  |TAMS 0x0000000083d00000, 0x0000000083d00000| Untracked 
|  30|0x0000000083e00000, 0x0000000083e00000, 0x0000000083f00000|  0%| F|  |TAMS 0x0000000083e00000, 0x0000000083e00000| Untracked 
|  31|0x0000000083f00000, 0x0000000083f00000, 0x0000000084000000|  0%| F|  |TAMS 0x0000000083f00000, 0x0000000083f00000| Untracked 
|  32|0x0000000084000000, 0x0000000084000000, 0x0000000084100000|  0%| F|  |TAMS 0x0000000084000000, 0x0000000084000000| Untracked 
|  33|0x0000000084100000, 0x0000000084100000, 0x0000000084200000|  0%| F|  |TAMS 0x0000000084100000, 0x0000000084100000| Untracked 
|  34|0x0000000084200000, 0x0000000084200000, 0x0000000084300000|  0%| F|  |TAMS 0x0000000084200000, 0x0000000084200000| Untracked 
|  35|0x0000000084300000, 0x0000000084300000, 0x0000000084400000|  0%| F|  |TAMS 0x0000000084300000, 0x0000000084300000| Untracked 
|  36|0x0000000084400000, 0x0000000084400000, 0x0000000084500000|  0%| F|  |TAMS 0x0000000084400000, 0x0000000084400000| Untracked 
|  37|0x0000000084500000, 0x0000000084500000, 0x0000000084600000|  0%| F|  |TAMS 0x0000000084500000, 0x0000000084500000| Untracked 
|  38|0x0000000084600000, 0x0000000084600000, 0x0000000084700000|  0%| F|  |TAMS 0x0000000084600000, 0x0000000084600000| Untracked 
|  39|0x0000000084700000, 0x0000000084700000, 0x0000000084800000|  0%| F|  |TAMS 0x0000000084700000, 0x0000000084700000| Untracked 
|  40|0x0000000084800000, 0x0000000084800000, 0x0000000084900000|  0%| F|  |TAMS 0x0000000084800000, 0x0000000084800000| Untracked 
|  41|0x0000000084900000, 0x0000000084900000, 0x0000000084a00000|  0%| F|  |TAMS 0x0000000084900000, 0x0000000084900000| Untracked 
|  42|0x0000000084a00000, 0x0000000084a00000, 0x0000000084b00000|  0%| F|  |TAMS 0x0000000084a00000, 0x0000000084a00000| Untracked 
|  43|0x0000000084b00000, 0x0000000084b00000, 0x0000000084c00000|  0%| F|  |TAMS 0x0000000084b00000, 0x0000000084b00000| Untracked 
|  44|0x0000000084c00000, 0x0000000084c00000, 0x0000000084d00000|  0%| F|  |TAMS 0x0000000084c00000, 0x0000000084c00000| Untracked 
|  45|0x0000000084d00000, 0x0000000084d00000, 0x0000000084e00000|  0%| F|  |TAMS 0x0000000084d00000, 0x0000000084d00000| Untracked 
|  46|0x0000000084e00000, 0x0000000084e00000, 0x0000000084f00000|  0%| F|  |TAMS 0x0000000084e00000, 0x0000000084e00000| Untracked 
|  47|0x0000000084f00000, 0x0000000084f00000, 0x0000000085000000|  0%| F|  |TAMS 0x0000000084f00000, 0x0000000084f00000| Untracked 
|  48|0x0000000085000000, 0x0000000085000000, 0x0000000085100000|  0%| F|  |TAMS 0x0000000085000000, 0x0000000085000000| Untracked 
|  49|0x0000000085100000, 0x0000000085100000, 0x0000000085200000|  0%| F|  |TAMS 0x0000000085100000, 0x0000000085100000| Untracked 
|  50|0x0000000085200000, 0x0000000085200000, 0x0000000085300000|  0%| F|  |TAMS 0x0000000085200000, 0x0000000085200000| Untracked 
|  51|0x0000000085300000, 0x0000000085300000, 0x0000000085400000|  0%| F|  |TAMS 0x0000000085300000, 0x0000000085300000| Untracked 
|  52|0x0000000085400000, 0x0000000085400000, 0x0000000085500000|  0%| F|  |TAMS 0x0000000085400000, 0x0000000085400000| Untracked 
|  53|0x0000000085500000, 0x0000000085500000, 0x0000000085600000|  0%| F|  |TAMS 0x0000000085500000, 0x0000000085500000| Untracked 
|  54|0x0000000085600000, 0x0000000085600000, 0x0000000085700000|  0%| F|  |TAMS 0x0000000085600000, 0x0000000085600000| Untracked 
|  55|0x0000000085700000, 0x0000000085700000, 0x0000000085800000|  0%| F|  |TAMS 0x0000000085700000, 0x0000000085700000| Untracked 
|  56|0x0000000085800000, 0x0000000085800000, 0x0000000085900000|  0%| F|  |TAMS 0x0000000085800000, 0x0000000085800000| Untracked 
|  57|0x0000000085900000, 0x0000000085900000, 0x0000000085a00000|  0%| F|  |TAMS 0x0000000085900000, 0x0000000085900000| Untracked 
|  58|0x0000000085a00000, 0x0000000085a00000, 0x0000000085b00000|  0%| F|  |TAMS 0x0000000085a00000, 0x0000000085a00000| Untracked 
|  59|0x0000000085b00000, 0x0000000085b00000, 0x0000000085c00000|  0%| F|  |TAMS 0x0000000085b00000, 0x0000000085b00000| Untracked 
|  60|0x0000000085c00000, 0x0000000085c00000, 0x0000000085d00000|  0%| F|  |TAMS 0x0000000085c00000, 0x0000000085c00000| Untracked 
|  61|0x0000000085d00000, 0x0000000085d00000, 0x0000000085e00000|  0%| F|  |TAMS 0x0000000085d00000, 0x0000000085d00000| Untracked 
|  62|0x0000000085e00000, 0x0000000085e00000, 0x0000000085f00000|  0%| F|  |TAMS 0x0000000085e00000, 0x0000000085e00000| Untracked 
|  63|0x0000000085f00000, 0x0000000085f00000, 0x0000000086000000|  0%| F|  |TAMS 0x0000000085f00000, 0x0000000085f00000| Untracked 
|  64|0x0000000086000000, 0x0000000086000000, 0x0000000086100000|  0%| F|  |TAMS 0x0000000086000000, 0x0000000086000000| Untracked 
|  65|0x0000000086100000, 0x0000000086100000, 0x0000000086200000|  0%| F|  |TAMS 0x0000000086100000, 0x0000000086100000| Untracked 
|  66|0x0000000086200000, 0x0000000086200000, 0x0000000086300000|  0%| F|  |TAMS 0x0000000086200000, 0x0000000086200000| Untracked 
|  67|0x0000000086300000, 0x0000000086300000, 0x0000000086400000|  0%| F|  |TAMS 0x0000000086300000, 0x0000000086300000| Untracked 
|  68|0x0000000086400000, 0x0000000086400000, 0x0000000086500000|  0%| F|  |TAMS 0x0000000086400000, 0x0000000086400000| Untracked 
|  69|0x0000000086500000, 0x0000000086500000, 0x0000000086600000|  0%| F|  |TAMS 0x0000000086500000, 0x0000000086500000| Untracked 
|  70|0x0000000086600000, 0x0000000086600000, 0x0000000086700000|  0%| F|  |TAMS 0x0000000086600000, 0x0000000086600000| Untracked 
|  71|0x0000000086700000, 0x0000000086700000, 0x0000000086800000|  0%| F|  |TAMS 0x0000000086700000, 0x0000000086700000| Untracked 
|  72|0x0000000086800000, 0x0000000086800000, 0x0000000086900000|  0%| F|  |TAMS 0x0000000086800000, 0x0000000086800000| Untracked 
|  73|0x0000000086900000, 0x0000000086900000, 0x0000000086a00000|  0%| F|  |TAMS 0x0000000086900000, 0x0000000086900000| Untracked 
|  74|0x0000000086a00000, 0x0000000086a00000, 0x0000000086b00000|  0%| F|  |TAMS 0x0000000086a00000, 0x0000000086a00000| Untracked 
|  75|0x0000000086b00000, 0x0000000086b00000, 0x0000000086c00000|  0%| F|  |TAMS 0x0000000086b00000, 0x0000000086b00000| Untracked 
|  76|0x0000000086c00000, 0x0000000086c00000, 0x0000000086d00000|  0%| F|  |TAMS 0x0000000086c00000, 0x0000000086c00000| Untracked 
|  77|0x0000000086d00000, 0x0000000086d00000, 0x0000000086e00000|  0%| F|  |TAMS 0x0000000086d00000, 0x0000000086d00000| Untracked 
|  78|0x0000000086e00000, 0x0000000086e00000, 0x0000000086f00000|  0%| F|  |TAMS 0x0000000086e00000, 0x0000000086e00000| Untracked 
|  79|0x0000000086f00000, 0x0000000086f00000, 0x0000000087000000|  0%| F|  |TAMS 0x0000000086f00000, 0x0000000086f00000| Untracked 
|  80|0x0000000087000000, 0x0000000087000000, 0x0000000087100000|  0%| F|  |TAMS 0x0000000087000000, 0x0000000087000000| Untracked 
|  81|0x0000000087100000, 0x0000000087100000, 0x0000000087200000|  0%| F|  |TAMS 0x0000000087100000, 0x0000000087100000| Untracked 
|  82|0x0000000087200000, 0x0000000087200000, 0x0000000087300000|  0%| F|  |TAMS 0x0000000087200000, 0x0000000087200000| Untracked 
|  83|0x0000000087300000, 0x0000000087300000, 0x0000000087400000|  0%| F|  |TAMS 0x0000000087300000, 0x0000000087300000| Untracked 
|  84|0x0000000087400000, 0x0000000087400000, 0x0000000087500000|  0%| F|  |TAMS 0x0000000087400000, 0x0000000087400000| Untracked 
|  85|0x0000000087500000, 0x0000000087500000, 0x0000000087600000|  0%| F|  |TAMS 0x0000000087500000, 0x0000000087500000| Untracked 
|  86|0x0000000087600000, 0x0000000087600000, 0x0000000087700000|  0%| F|  |TAMS 0x0000000087600000, 0x0000000087600000| Untracked 
|  87|0x0000000087700000, 0x0000000087700000, 0x0000000087800000|  0%| F|  |TAMS 0x0000000087700000, 0x0000000087700000| Untracked 
|  88|0x0000000087800000, 0x0000000087800000, 0x0000000087900000|  0%| F|  |TAMS 0x0000000087800000, 0x0000000087800000| Untracked 
|  89|0x0000000087900000, 0x0000000087900000, 0x0000000087a00000|  0%| F|  |TAMS 0x0000000087900000, 0x0000000087900000| Untracked 
|  90|0x0000000087a00000, 0x0000000087a00000, 0x0000000087b00000|  0%| F|  |TAMS 0x0000000087a00000, 0x0000000087a00000| Untracked 
|  91|0x0000000087b00000, 0x0000000087b00000, 0x0000000087c00000|  0%| F|  |TAMS 0x0000000087b00000, 0x0000000087b00000| Untracked 
|  92|0x0000000087c00000, 0x0000000087c00000, 0x0000000087d00000|  0%| F|  |TAMS 0x0000000087c00000, 0x0000000087c00000| Untracked 
|  93|0x0000000087d00000, 0x0000000087d00000, 0x0000000087e00000|  0%| F|  |TAMS 0x0000000087d00000, 0x0000000087d00000| Untracked 
|  94|0x0000000087e00000, 0x0000000087e56020, 0x0000000087f00000| 33%| S|CS|TAMS 0x0000000087e00000, 0x0000000087e00000| Complete 
|  95|0x0000000087f00000, 0x0000000088000000, 0x0000000088000000|100%| S|CS|TAMS 0x0000000087f00000, 0x0000000087f00000| Complete 
|  96|0x0000000088000000, 0x0000000088100000, 0x0000000088100000|100%| S|CS|TAMS 0x0000000088000000, 0x0000000088000000| Complete 
|  97|0x0000000088100000, 0x0000000088100000, 0x0000000088200000|  0%| F|  |TAMS 0x0000000088100000, 0x0000000088100000| Untracked 
|  98|0x0000000088200000, 0x0000000088200000, 0x0000000088300000|  0%| F|  |TAMS 0x0000000088200000, 0x0000000088200000| Untracked 
|  99|0x0000000088300000, 0x0000000088300000, 0x0000000088400000|  0%| F|  |TAMS 0x0000000088300000, 0x0000000088300000| Untracked 
| 100|0x0000000088400000, 0x0000000088400000, 0x0000000088500000|  0%| F|  |TAMS 0x0000000088400000, 0x0000000088400000| Untracked 
| 101|0x0000000088500000, 0x0000000088500000, 0x0000000088600000|  0%| F|  |TAMS 0x0000000088500000, 0x0000000088500000| Untracked 
| 102|0x0000000088600000, 0x0000000088600000, 0x0000000088700000|  0%| F|  |TAMS 0x0000000088600000, 0x0000000088600000| Untracked 
| 103|0x0000000088700000, 0x0000000088700000, 0x0000000088800000|  0%| F|  |TAMS 0x0000000088700000, 0x0000000088700000| Untracked 
| 104|0x0000000088800000, 0x0000000088800000, 0x0000000088900000|  0%| F|  |TAMS 0x0000000088800000, 0x0000000088800000| Untracked 
| 105|0x0000000088900000, 0x0000000088900000, 0x0000000088a00000|  0%| F|  |TAMS 0x0000000088900000, 0x0000000088900000| Untracked 
| 106|0x0000000088a00000, 0x0000000088a00000, 0x0000000088b00000|  0%| F|  |TAMS 0x0000000088a00000, 0x0000000088a00000| Untracked 
| 107|0x0000000088b00000, 0x0000000088b81c10, 0x0000000088c00000| 50%| E|  |TAMS 0x0000000088b00000, 0x0000000088b00000| Complete 
| 108|0x0000000088c00000, 0x0000000088d00000, 0x0000000088d00000|100%| E|CS|TAMS 0x0000000088c00000, 0x0000000088c00000| Complete 
| 109|0x0000000088d00000, 0x0000000088e00000, 0x0000000088e00000|100%| E|CS|TAMS 0x0000000088d00000, 0x0000000088d00000| Complete 
| 110|0x0000000088e00000, 0x0000000088f00000, 0x0000000088f00000|100%| E|CS|TAMS 0x0000000088e00000, 0x0000000088e00000| Complete 
| 111|0x0000000088f00000, 0x0000000089000000, 0x0000000089000000|100%| E|CS|TAMS 0x0000000088f00000, 0x0000000088f00000| Complete 
| 112|0x0000000089000000, 0x0000000089100000, 0x0000000089100000|100%| E|CS|TAMS 0x0000000089000000, 0x0000000089000000| Complete 
| 113|0x0000000089100000, 0x0000000089200000, 0x0000000089200000|100%| E|CS|TAMS 0x0000000089100000, 0x0000000089100000| Complete 
| 114|0x0000000089200000, 0x0000000089300000, 0x0000000089300000|100%| E|CS|TAMS 0x0000000089200000, 0x0000000089200000| Complete 
| 115|0x0000000089300000, 0x0000000089400000, 0x0000000089400000|100%| E|CS|TAMS 0x0000000089300000, 0x0000000089300000| Complete 
| 116|0x0000000089400000, 0x0000000089500000, 0x0000000089500000|100%| E|CS|TAMS 0x0000000089400000, 0x0000000089400000| Complete 
| 117|0x0000000089500000, 0x0000000089600000, 0x0000000089600000|100%| E|CS|TAMS 0x0000000089500000, 0x0000000089500000| Complete 
| 118|0x0000000089600000, 0x0000000089700000, 0x0000000089700000|100%| E|CS|TAMS 0x0000000089600000, 0x0000000089600000| Complete 
| 119|0x0000000089700000, 0x0000000089800000, 0x0000000089800000|100%| E|CS|TAMS 0x0000000089700000, 0x0000000089700000| Complete 
| 120|0x0000000089800000, 0x0000000089900000, 0x0000000089900000|100%| E|CS|TAMS 0x0000000089800000, 0x0000000089800000| Complete 
| 121|0x0000000089900000, 0x0000000089a00000, 0x0000000089a00000|100%| E|CS|TAMS 0x0000000089900000, 0x0000000089900000| Complete 
| 122|0x0000000089a00000, 0x0000000089b00000, 0x0000000089b00000|100%| E|CS|TAMS 0x0000000089a00000, 0x0000000089a00000| Complete 
| 123|0x0000000089b00000, 0x0000000089c00000, 0x0000000089c00000|100%| E|CS|TAMS 0x0000000089b00000, 0x0000000089b00000| Complete 
| 124|0x0000000089c00000, 0x0000000089d00000, 0x0000000089d00000|100%| E|CS|TAMS 0x0000000089c00000, 0x0000000089c00000| Complete 
| 125|0x0000000089d00000, 0x0000000089e00000, 0x0000000089e00000|100%| E|CS|TAMS 0x0000000089d00000, 0x0000000089d00000| Complete 

Card table byte_map: [0x0000023d9af00000,0x0000023d9b2f0000] _byte_map_base: 0x0000023d9aaf0000

Marking Bits (Prev, Next): (CMBitMap*) 0x0000023d842beb50, (CMBitMap*) 0x0000023d842beb90
 Prev Bits: [0x0000023d9b6e0000, 0x0000023d9d660000)
 Next Bits: [0x0000023d9d660000, 0x0000023d9f5e0000)

Polling page: 0x0000023d82270000

Metaspace:

Usage:
  Non-class:     12.06 MB used.
      Class:      1.68 MB used.
       Both:     13.74 MB used.

Virtual space:
  Non-class space:       64.00 MB reserved,      12.19 MB ( 19%) committed,  1 nodes.
      Class space:        1.00 GB reserved,       1.75 MB ( <1%) committed,  1 nodes.
             Both:        1.06 GB reserved,      13.94 MB (  1%) committed. 

Chunk freelists:
   Non-Class:  2.91 MB
       Class:  14.08 MB
        Both:  16.98 MB

MaxMetaspaceSize: unlimited
CompressedClassSpaceSize: 1.00 GB
Initial GC threshold: 21.00 MB
Current GC threshold: 21.00 MB
CDS: on
MetaspaceReclaimPolicy: balanced
 - commit_granule_bytes: 65536.
 - commit_granule_words: 8192.
 - virtual_space_node_default_size: 8388608.
 - enlarge_chunks_in_place: 1.
 - new_chunks_are_fully_committed: 0.
 - uncommit_free_chunks: 1.
 - use_allocation_guard: 0.
 - handle_deallocations: 1.


Internal statistics:

num_allocs_failed_limit: 0.
num_arena_births: 72.
num_arena_deaths: 0.
num_vsnodes_births: 2.
num_vsnodes_deaths: 0.
num_space_committed: 223.
num_space_uncommitted: 0.
num_chunks_returned_to_freelist: 0.
num_chunks_taken_from_freelist: 554.
num_chunk_merges: 0.
num_chunk_splits: 387.
num_chunks_enlarged: 319.
num_inconsistent_stats: 0.

CodeHeap 'non-profiled nmethods': size=120000Kb used=1039Kb max_used=1039Kb free=118960Kb
 bounds [0x0000023d935e0000, 0x0000023d93850000, 0x0000023d9ab10000]
CodeHeap 'profiled nmethods': size=120000Kb used=5259Kb max_used=5259Kb free=114740Kb
 bounds [0x0000023d8bb10000, 0x0000023d8c040000, 0x0000023d93040000]
CodeHeap 'non-nmethods': size=5760Kb used=1176Kb max_used=1239Kb free=4583Kb
 bounds [0x0000023d93040000, 0x0000023d932b0000, 0x0000023d935e0000]
 total_blobs=3094 nmethods=2628 adapters=378
 compilation: enabled
              stopped_count=0, restarted_count=0
 full_count=0

Compilation events (20 events):
Event: 4.760 Thread 0x0000023da1a9a0b0 nmethod 2586 0x0000023d8c021790 code [0x0000023d8c021a40, 0x0000023d8c022648]
Event: 4.760 Thread 0x0000023da1a9a0b0 2588       3       com.google.inject.internal.InjectorImpl::getProviderOrThrow (35 bytes)
Event: 4.761 Thread 0x0000023da1a9a0b0 nmethod 2588 0x0000023d8c022c10 code [0x0000023d8c022de0, 0x0000023d8c023228]
Event: 4.761 Thread 0x0000023da1a9a0b0 2589       3       com.google.inject.internal.InjectorImpl$1::<init> (20 bytes)
Event: 4.761 Thread 0x0000023da1a9a0b0 nmethod 2589 0x0000023d8c023410 code [0x0000023d8c0235c0, 0x0000023d8c023838]
Event: 4.778 Thread 0x0000023da1a996f0 2590       4       java.net.URLStreamHandler::setURL (73 bytes)
Event: 4.789 Thread 0x0000023da1a9a0b0 2592       3       java.lang.Character::codePointBefore (48 bytes)
Event: 4.790 Thread 0x0000023da1a9a0b0 nmethod 2592 0x0000023d8c023910 code [0x0000023d8c023b00, 0x0000023d8c0240d8]
Event: 4.829 Thread 0x0000023da1a9a0b0 2594       3       org.apache.maven.model.io.xpp3.MavenXpp3ReaderEx::checkFieldWithDuplicate (75 bytes)
Event: 4.831 Thread 0x0000023da1a9a0b0 nmethod 2594 0x0000023d8c024290 code [0x0000023d8c024500, 0x0000023d8c024b68]
Event: 4.831 Thread 0x0000023da1a996f0 nmethod 2590 0x0000023d936de690 code [0x0000023d936de860, 0x0000023d936df648]
Event: 4.831 Thread 0x0000023da1a996f0 2593       4       org.codehaus.plexus.util.xml.pull.MXParser::more (106 bytes)
Event: 4.836 Thread 0x0000023da1a9a0b0 2595       3       java.lang.String::valueOf (39 bytes)
Event: 4.837 Thread 0x0000023da1a9a0b0 nmethod 2595 0x0000023d8c024e90 code [0x0000023d8c025080, 0x0000023d8c025798]
Event: 4.837 Thread 0x0000023da1a9a0b0 2596       3       java.lang.StringLatin1::toBytes (9 bytes)
Event: 4.837 Thread 0x0000023da1a9a0b0 nmethod 2596 0x0000023d8c025990 code [0x0000023d8c025b20, 0x0000023d8c025cb8]
Event: 4.840 Thread 0x0000023da1a9a0b0 2597   !   3       com.google.inject.internal.FactoryProxy::get (29 bytes)
Event: 4.841 Thread 0x0000023da1a9a0b0 nmethod 2597 0x0000023d8c025d90 code [0x0000023d8c025f40, 0x0000023d8c026218]
Event: 4.841 Thread 0x0000023da1a9a0b0 2598       1       com.google.inject.internal.InternalContext::getDependency (5 bytes)
Event: 4.841 Thread 0x0000023da1a9a0b0 nmethod 2598 0x0000023d936dfc10 code [0x0000023d936dfda0, 0x0000023d936dfe78]

GC Heap History (6 events):
Event: 1.283 GC heap before
{Heap before GC invocations=0 (full 0):
 garbage-first heap   total 129024K, used 13312K [0x0000000082000000, 0x0000000100000000)
  region size 1024K, 13 young (13312K), 0 survivors (0K)
 Metaspace       used 3799K, committed 3968K, reserved 1114112K
  class space    used 406K, committed 448K, reserved 1048576K
}
Event: 1.291 GC heap after
{Heap after GC invocations=1 (full 0):
 garbage-first heap   total 129024K, used 3257K [0x0000000082000000, 0x0000000100000000)
  region size 1024K, 2 young (2048K), 2 survivors (2048K)
 Metaspace       used 3799K, committed 3968K, reserved 1114112K
  class space    used 406K, committed 448K, reserved 1048576K
}
Event: 1.802 GC heap before
{Heap before GC invocations=1 (full 0):
 garbage-first heap   total 129024K, used 14521K [0x0000000082000000, 0x0000000100000000)
  region size 1024K, 13 young (13312K), 2 survivors (2048K)
 Metaspace       used 5580K, committed 5760K, reserved 1114112K
  class space    used 670K, committed 768K, reserved 1048576K
}
Event: 1.808 GC heap after
{Heap after GC invocations=2 (full 0):
 garbage-first heap   total 129024K, used 3979K [0x0000000082000000, 0x0000000100000000)
  region size 1024K, 1 young (1024K), 1 survivors (1024K)
 Metaspace       used 5580K, committed 5760K, reserved 1114112K
  class space    used 670K, committed 768K, reserved 1048576K
}
Event: 3.384 GC heap before
{Heap before GC invocations=2 (full 0):
 garbage-first heap   total 129024K, used 32651K [0x0000000082000000, 0x0000000100000000)
  region size 1024K, 29 young (29696K), 1 survivors (1024K)
 Metaspace       used 10198K, committed 10368K, reserved 1114112K
  class space    used 1248K, committed 1344K, reserved 1048576K
}
Event: 3.393 GC heap after
{Heap after GC invocations=3 (full 0):
 garbage-first heap   total 129024K, used 5688K [0x0000000082000000, 0x0000000100000000)
  region size 1024K, 3 young (3072K), 3 survivors (3072K)
 Metaspace       used 10198K, committed 10368K, reserved 1114112K
  class space    used 1248K, committed 1344K, reserved 1048576K
}

Deoptimization events (20 events):
Event: 4.660 Thread 0x0000023d84264360 DEOPT PACKING pc=0x0000023d93600bf4 sp=0x000000edebdfe340
Event: 4.660 Thread 0x0000023d84264360 DEOPT UNPACKING pc=0x0000023d930923a3 sp=0x000000edebdfe2e0 mode 2
Event: 4.685 Thread 0x0000023d84264360 Uncommon trap: trap_request=0xffffff45 fr.pc=0x0000023d9364cc70 relative=0x0000000000000850
Event: 4.685 Thread 0x0000023d84264360 Uncommon trap: reason=unstable_if action=reinterpret pc=0x0000023d9364cc70 method=sun.nio.cs.StreamDecoder.implRead([CII)I @ 36 c2
Event: 4.685 Thread 0x0000023d84264360 DEOPT PACKING pc=0x0000023d9364cc70 sp=0x000000edebdfe0d0
Event: 4.685 Thread 0x0000023d84264360 DEOPT UNPACKING pc=0x0000023d930923a3 sp=0x000000edebdfe0b0 mode 2
Event: 4.746 Thread 0x0000023d84264360 DEOPT PACKING pc=0x0000023d936ad044 sp=0x000000edebdfe260
Event: 4.747 Thread 0x0000023d84264360 DEOPT UNPACKING pc=0x0000023d93092b43 sp=0x000000edebdfd680 mode 0
Event: 4.748 Thread 0x0000023d84264360 Uncommon trap: trap_request=0xffffff45 fr.pc=0x0000023d93699e44 relative=0x0000000000000044
Event: 4.748 Thread 0x0000023d84264360 Uncommon trap: reason=unstable_if action=reinterpret pc=0x0000023d93699e44 method=sun.net.util.IPAddressUtil.scan(Ljava/lang/String;JJ[C)I @ 14 c2
Event: 4.748 Thread 0x0000023d84264360 DEOPT PACKING pc=0x0000023d93699e44 sp=0x000000edebdfddb0
Event: 4.748 Thread 0x0000023d84264360 DEOPT UNPACKING pc=0x0000023d930923a3 sp=0x000000edebdfdc90 mode 2
Event: 4.754 Thread 0x0000023d84264360 Uncommon trap: trap_request=0xffffff45 fr.pc=0x0000023d936966d4 relative=0x0000000000000054
Event: 4.754 Thread 0x0000023d84264360 Uncommon trap: reason=unstable_if action=reinterpret pc=0x0000023d936966d4 method=sun.net.util.IPAddressUtil.scan(Ljava/lang/String;JJ[C)I @ 14 c2
Event: 4.754 Thread 0x0000023d84264360 DEOPT PACKING pc=0x0000023d936966d4 sp=0x000000edebdfdd00
Event: 4.754 Thread 0x0000023d84264360 DEOPT UNPACKING pc=0x0000023d930923a3 sp=0x000000edebdfdc88 mode 2
Event: 4.779 Thread 0x0000023d84264360 Uncommon trap: trap_request=0xffffff45 fr.pc=0x0000023d9367e3e0 relative=0x0000000000000fe0
Event: 4.779 Thread 0x0000023d84264360 Uncommon trap: reason=unstable_if action=reinterpret pc=0x0000023d9367e3e0 method=java.lang.String.<init>([BIILjava/nio/charset/Charset;)V @ 47 c2
Event: 4.779 Thread 0x0000023d84264360 DEOPT PACKING pc=0x0000023d9367e3e0 sp=0x000000edebdfdd50
Event: 4.779 Thread 0x0000023d84264360 DEOPT UNPACKING pc=0x0000023d930923a3 sp=0x000000edebdfdd28 mode 2

Classes unloaded (0 events):
No events

Classes redefined (0 events):
No events

Internal exceptions (20 events):
Event: 0.586 Thread 0x0000023d84264360 Exception <a 'java/lang/NoSuchMethodError'{0x00000000899e3e60}: 'void java.lang.invoke.DirectMethodHandle$Holder.invokeStatic(java.lang.Object, java.lang.Object, java.lang.Object)'> (0x00000000899e3e60) 
thrown [s\open\src\hotspot\share\interpreter\linkResolver.cpp, line 759]
Event: 0.609 Thread 0x0000023d84264360 Exception <a 'java/lang/NoSuchMethodError'{0x000000008983fbf8}: 'int java.lang.invoke.DirectMethodHandle$Holder.invokeStatic(java.lang.Object, java.lang.Object, int)'> (0x000000008983fbf8) 
thrown [s\open\src\hotspot\share\interpreter\linkResolver.cpp, line 759]
Event: 0.757 Thread 0x0000023d84264360 Exception <a 'java/lang/NoSuchMethodError'{0x00000000897b00d0}: 'java.lang.Object java.lang.invoke.DirectMethodHandle$Holder.invokeSpecialIFC(java.lang.Object, java.lang.Object, java.lang.Object, java.lang.Object)'> (0x00000000897b00d0) 
thrown [s\open\src\hotspot\share\interpreter\linkResolver.cpp, line 759]
Event: 1.229 Thread 0x0000023d84264360 Exception <a 'java/lang/NoSuchMethodError'{0x00000000891254a0}: 'java.lang.Object java.lang.invoke.DirectMethodHandle$Holder.invokeStaticInit(java.lang.Object)'> (0x00000000891254a0) 
thrown [s\open\src\hotspot\share\interpreter\linkResolver.cpp, line 759]
Event: 1.238 Thread 0x0000023d84264360 Exception <a 'java/lang/NoSuchMethodError'{0x0000000089141448}: 'void java.lang.invoke.DirectMethodHandle$Holder.invokeSpecial(java.lang.Object, java.lang.Object, java.lang.Object)'> (0x0000000089141448) 
thrown [s\open\src\hotspot\share\interpreter\linkResolver.cpp, line 759]
Event: 1.330 Thread 0x0000023d84264360 Exception <a 'java/lang/NoSuchMethodError'{0x0000000089dbbf60}: 'java.lang.Object java.lang.invoke.DirectMethodHandle$Holder.invokeInterface(java.lang.Object, java.lang.Object)'> (0x0000000089dbbf60) 
thrown [s\open\src\hotspot\share\interpreter\linkResolver.cpp, line 759]
Event: 1.379 Thread 0x0000023d84264360 Exception <a 'java/lang/NoSuchMethodError'{0x0000000089c612e8}: 'java.lang.Object java.lang.invoke.Invokers$Holder.invokeExact_MT(java.lang.Object, java.lang.Object, java.lang.Object, java.lang.Object, java.lang.Object, java.lang.Object)'> (0x0000000089c612e8) 
thrown [s\open\src\hotspot\share\interpreter\linkResolver.cpp, line 759]
Event: 1.386 Thread 0x0000023d84264360 Exception <a 'java/lang/NoSuchMethodError'{0x0000000089c727f8}: 'int java.lang.invoke.DirectMethodHandle$Holder.invokeSpecialIFC(java.lang.Object, java.lang.Object, java.lang.Object, java.lang.Object, java.lang.Object)'> (0x0000000089c727f8) 
thrown [s\open\src\hotspot\share\interpreter\linkResolver.cpp, line 759]
Event: 1.506 Thread 0x0000023d84264360 Exception <a 'java/lang/NoSuchMethodError'{0x0000000089a0ff40}: 'java.lang.Object java.lang.invoke.DirectMethodHandle$Holder.newInvokeSpecial(java.lang.Object, java.lang.Object, java.lang.Object, java.lang.Object, java.lang.Object)'> (0x0000000089a0ff40) 
thrown [s\open\src\hotspot\share\interpreter\linkResolver.cpp, line 759]
Event: 1.568 Thread 0x0000023d84264360 Exception <a 'java/lang/NoSuchMethodError'{0x00000000899103e8}: 'int java.lang.invoke.DirectMethodHandle$Holder.invokeStaticInit(java.lang.Object, java.lang.Object)'> (0x00000000899103e8) 
thrown [s\open\src\hotspot\share\interpreter\linkResolver.cpp, line 759]
Event: 1.588 Thread 0x0000023d84264360 Exception <a 'java/lang/NoClassDefFoundError'{0x00000000899479e8}: javax/enterprise/inject/Typed> (0x00000000899479e8) 
thrown [s\open\src\hotspot\share\classfile\systemDictionary.cpp, line 245]
Event: 3.426 Thread 0x0000023d84264360 Exception <a 'java/lang/NoSuchMethodError'{0x0000000089d91738}: 'void java.lang.invoke.DirectMethodHandle$Holder.invokeStaticInit(java.lang.Object, java.lang.Object, java.lang.Object)'> (0x0000000089d91738) 
thrown [s\open\src\hotspot\share\interpreter\linkResolver.cpp, line 759]
Event: 3.441 Thread 0x0000023d84264360 Exception <a 'java/lang/ExceptionInInitializerError'{0x0000000089dbc4a8}> (0x0000000089dbc4a8) 
thrown [s\open\src\hotspot\share\oops\instanceKlass.cpp, line 1216]
Event: 3.506 Thread 0x0000023d84264360 Implicit null exception at 0x0000023d9365d82f to 0x0000023d9365d98c
Event: 3.509 Thread 0x0000023d84264360 Exception <a 'java/lang/NoSuchMethodError'{0x0000000089cc9678}: 'java.lang.Object java.lang.invoke.Invokers$Holder.invokeExact_MT(java.lang.Object, int, java.lang.Object)'> (0x0000000089cc9678) 
thrown [s\open\src\hotspot\share\interpreter\linkResolver.cpp, line 759]
Event: 3.538 Thread 0x0000023d84264360 Exception <a 'java/lang/NoSuchMethodError'{0x0000000089b3d910}: 'void java.lang.invoke.DirectMethodHandle$Holder.invokeStatic(java.lang.Object, java.lang.Object)'> (0x0000000089b3d910) 
thrown [s\open\src\hotspot\share\interpreter\linkResolver.cpp, line 759]
Event: 3.544 Thread 0x0000023d84264360 Exception <a 'java/lang/NoSuchMethodError'{0x0000000089b4d360}: 'int java.lang.invoke.DirectMethodHandle$Holder.invokeSpecial(java.lang.Object, java.lang.Object, java.lang.Object, java.lang.Object)'> (0x0000000089b4d360) 
thrown [s\open\src\hotspot\share\interpreter\linkResolver.cpp, line 759]
Event: 4.302 Thread 0x0000023d84264360 Exception <a 'java/lang/NoClassDefFoundError'{0x0000000089391f08}: com/google/inject/servlet/ServletModuleTargetVisitor> (0x0000000089391f08) 
thrown [s\open\src\hotspot\share\classfile\systemDictionary.cpp, line 245]
Event: 4.481 Thread 0x0000023d84264360 Exception <a 'java/lang/NoSuchMethodError'{0x000000008911deb8}: 'void java.lang.invoke.DirectMethodHandle$Holder.invokeVirtual(java.lang.Object, java.lang.Object)'> (0x000000008911deb8) 
thrown [s\open\src\hotspot\share\interpreter\linkResolver.cpp, line 759]
Event: 4.563 Thread 0x0000023d84264360 Exception <a 'java/lang/NoSuchMethodError'{0x00000000891977f8}: 'java.lang.Object java.lang.invoke.DirectMethodHandle$Holder.invokeStaticInit(java.lang.Object, int, int, int, int)'> (0x00000000891977f8) 
thrown [s\open\src\hotspot\share\interpreter\linkResolver.cpp, line 759]

VM Operations (20 events):
Event: 3.452 Executing VM operation: HandshakeAllThreads
Event: 3.452 Executing VM operation: HandshakeAllThreads done
Event: 3.611 Executing VM operation: HandshakeAllThreads
Event: 3.611 Executing VM operation: HandshakeAllThreads done
Event: 3.616 Executing VM operation: HandshakeAllThreads
Event: 3.616 Executing VM operation: HandshakeAllThreads done
Event: 3.869 Executing VM operation: HandshakeAllThreads
Event: 3.869 Executing VM operation: HandshakeAllThreads done
Event: 4.242 Executing VM operation: HandshakeAllThreads
Event: 4.242 Executing VM operation: HandshakeAllThreads done
Event: 4.277 Executing VM operation: ICBufferFull
Event: 4.278 Executing VM operation: ICBufferFull done
Event: 4.537 Executing VM operation: HandshakeAllThreads
Event: 4.537 Executing VM operation: HandshakeAllThreads done
Event: 4.589 Executing VM operation: HandshakeAllThreads
Event: 4.589 Executing VM operation: HandshakeAllThreads done
Event: 4.746 Executing VM operation: HandshakeAllThreads
Event: 4.746 Executing VM operation: HandshakeAllThreads done
Event: 4.748 Executing VM operation: HandshakeAllThreads
Event: 4.748 Executing VM operation: HandshakeAllThreads done

Events (20 events):
Event: 4.568 loading class jdk/internal/reflect/UnsafeQualifiedFieldAccessorImpl done
Event: 4.568 loading class jdk/internal/reflect/UnsafeQualifiedObjectFieldAccessorImpl done
Event: 4.627 loading class jdk/internal/math/FDBigInteger
Event: 4.628 loading class jdk/internal/math/FDBigInteger done
Event: 4.672 loading class java/lang/ProcessEnvironment$CheckedKeySet
Event: 4.672 loading class java/lang/ProcessEnvironment$CheckedKeySet done
Event: 4.745 loading class java/net/URL$2
Event: 4.745 loading class java/net/URL$2 done
Event: 4.745 loading class java/net/URL$1
Event: 4.745 loading class java/net/URL$1 done
Event: 4.745 loading class java/net/spi/URLStreamHandlerProvider
Event: 4.746 loading class java/net/spi/URLStreamHandlerProvider done
Event: 4.747 loading class sun/net/www/protocol/https/Handler
Event: 4.747 loading class sun/net/www/protocol/http/Handler
Event: 4.747 loading class sun/net/www/protocol/http/Handler done
Event: 4.747 loading class sun/net/www/protocol/https/Handler done
Event: 4.753 loading class java/util/regex/Pattern$Pos
Event: 4.754 loading class java/util/regex/Pattern$Pos done
Event: 4.761 loading class java/util/ArrayList$SubList$1
Event: 4.761 loading class java/util/ArrayList$SubList$1 done


Dynamic libraries:
0x00007ff6ba220000 - 0x00007ff6ba230000 	C:\Program Files\Java\jdk-17\bin\java.exe
0x00007ff9be5b0000 - 0x00007ff9be7a8000 	C:\WINDOWS\SYSTEM32\ntdll.dll
0x00007ff9bda70000 - 0x00007ff9bdb2d000 	C:\WINDOWS\System32\KERNEL32.DLL
0x00007ff9bc040000 - 0x00007ff9bc336000 	C:\WINDOWS\System32\KERNELBASE.dll
0x00007ff9bc470000 - 0x00007ff9bc570000 	C:\WINDOWS\System32\ucrtbase.dll
0x00007ff9b6320000 - 0x00007ff9b633b000 	C:\Program Files\Java\jdk-17\bin\VCRUNTIME140.dll
0x00007ff9b6a90000 - 0x00007ff9b6aa9000 	C:\Program Files\Java\jdk-17\bin\jli.dll
0x00007ff9bd580000 - 0x00007ff9bd630000 	C:\WINDOWS\System32\ADVAPI32.dll
0x00007ff9be100000 - 0x00007ff9be19e000 	C:\WINDOWS\System32\msvcrt.dll
0x00007ff9bd820000 - 0x00007ff9bd8c0000 	C:\WINDOWS\System32\sechost.dll
0x00007ff9be1a0000 - 0x00007ff9be2c3000 	C:\WINDOWS\System32\RPCRT4.dll
0x00007ff9bbc60000 - 0x00007ff9bbc87000 	C:\WINDOWS\System32\bcrypt.dll
0x00007ff9bc5e0000 - 0x00007ff9bc77f000 	C:\WINDOWS\System32\USER32.dll
0x00007ff9a98c0000 - 0x00007ff9a9b5a000 	C:\WINDOWS\WinSxS\amd64_microsoft.windows.common-controls_6595b64144ccf1df_6.0.19041.4355_none_60b8b9eb71f62e16\COMCTL32.dll
0x00007ff9bbdb0000 - 0x00007ff9bbdd2000 	C:\WINDOWS\System32\win32u.dll
0x00007ff9bc780000 - 0x00007ff9bc7ab000 	C:\WINDOWS\System32\GDI32.dll
0x00007ff9bbc90000 - 0x00007ff9bbda7000 	C:\WINDOWS\System32\gdi32full.dll
0x00007ff9bc3d0000 - 0x00007ff9bc46d000 	C:\WINDOWS\System32\msvcp_win.dll
0x00007ff9b5370000 - 0x00007ff9b537a000 	C:\WINDOWS\SYSTEM32\VERSION.dll
0x00007ff9bd540000 - 0x00007ff9bd572000 	C:\WINDOWS\System32\IMM32.DLL
0x00007ff9b5f70000 - 0x00007ff9b5f7c000 	C:\Program Files\Java\jdk-17\bin\vcruntime140_1.dll
0x00007ff99a210000 - 0x00007ff99a29e000 	C:\Program Files\Java\jdk-17\bin\msvcp140.dll
0x00007ff97f450000 - 0x00007ff980031000 	C:\Program Files\Java\jdk-17\bin\server\jvm.dll
0x00007ff9bd930000 - 0x00007ff9bd938000 	C:\WINDOWS\System32\PSAPI.DLL
0x00007ff9a6dc0000 - 0x00007ff9a6dc9000 	C:\WINDOWS\SYSTEM32\WSOCK32.dll
0x00007ff9be020000 - 0x00007ff9be08b000 	C:\WINDOWS\System32\WS2_32.dll
0x00007ff9a9b60000 - 0x00007ff9a9b87000 	C:\WINDOWS\SYSTEM32\WINMM.dll
0x00007ff9ba430000 - 0x00007ff9ba442000 	C:\WINDOWS\SYSTEM32\kernel.appcore.dll
0x00007ff9b5f60000 - 0x00007ff9b5f6a000 	C:\Program Files\Java\jdk-17\bin\jimage.dll
0x00007ff9b9920000 - 0x00007ff9b9b04000 	C:\WINDOWS\SYSTEM32\DBGHELP.DLL
0x00007ff9a30b0000 - 0x00007ff9a30e4000 	C:\WINDOWS\SYSTEM32\dbgcore.DLL
0x00007ff9bc340000 - 0x00007ff9bc3c2000 	C:\WINDOWS\System32\bcryptPrimitives.dll
0x00007ff9b4af0000 - 0x00007ff9b4b15000 	C:\Program Files\Java\jdk-17\bin\java.dll
0x00007ff98ba60000 - 0x00007ff98bb37000 	C:\Program Files\Java\jdk-17\bin\jsvml.dll
0x00007ff9bcc00000 - 0x00007ff9bd36b000 	C:\WINDOWS\System32\SHELL32.dll
0x00007ff9b9b10000 - 0x00007ff9ba2ad000 	C:\WINDOWS\SYSTEM32\windows.storage.dll
0x00007ff9bc8a0000 - 0x00007ff9bcbf3000 	C:\WINDOWS\System32\combase.dll
0x00007ff9bb5a0000 - 0x00007ff9bb5ce000 	C:\WINDOWS\SYSTEM32\Wldp.dll
0x00007ff9be4a0000 - 0x00007ff9be56d000 	C:\WINDOWS\System32\OLEAUT32.dll
0x00007ff9bd770000 - 0x00007ff9bd81d000 	C:\WINDOWS\System32\SHCORE.dll
0x00007ff9bc7b0000 - 0x00007ff9bc805000 	C:\WINDOWS\System32\shlwapi.dll
0x00007ff9bbb90000 - 0x00007ff9bbbb4000 	C:\WINDOWS\SYSTEM32\profapi.dll
0x00007ff9b46a0000 - 0x00007ff9b46b9000 	C:\Program Files\Java\jdk-17\bin\net.dll
0x00007ff9b8ed0000 - 0x00007ff9b8fda000 	C:\WINDOWS\SYSTEM32\WINHTTP.dll
0x00007ff9bb380000 - 0x00007ff9bb3ea000 	C:\WINDOWS\system32\mswsock.dll
0x00007ff9b4680000 - 0x00007ff9b4696000 	C:\Program Files\Java\jdk-17\bin\nio.dll
0x00007ff9b4650000 - 0x00007ff9b4668000 	C:\Program Files\Java\jdk-17\bin\zip.dll
0x0000000069ac0000 - 0x0000000069ae4000 	C:\Program Files\apache-maven-3.9.5\lib\jansi-native\Windows\x86_64\jansi.dll
0x00007ff9b45d0000 - 0x00007ff9b45e0000 	C:\Program Files\Java\jdk-17\bin\verify.dll

dbghelp: loaded successfully - version: 4.0.5 - missing functions: none
symbol engine: initialized successfully - sym options: 0x614 - pdb path: .;C:\Program Files\Java\jdk-17\bin;C:\WINDOWS\SYSTEM32;C:\WINDOWS\WinSxS\amd64_microsoft.windows.common-controls_6595b64144ccf1df_6.0.19041.4355_none_60b8b9eb71f62e16;C:\Program Files\Java\jdk-17\bin\server;C:\Program Files\apache-maven-3.9.5\lib\jansi-native\Windows\x86_64

VM Arguments:
jvm_args: -Dclassworlds.conf=C:\Program Files\apache-maven-3.9.5\bin\m2.conf -Dmaven.home=C:\Program Files\apache-maven-3.9.5 -Dlibrary.jansi.path=C:\Program Files\apache-maven-3.9.5\lib\jansi-native -Dmaven.multiModuleProjectDirectory=C:\Ecab\ecab 
java_command: org.codehaus.plexus.classworlds.launcher.Launcher clean install
java_class_path (initial): C:\Program Files\apache-maven-3.9.5\boot\plexus-classworlds-2.7.0.jar
Launcher Type: SUN_STANDARD

[Global flags]
     intx CICompilerCount                          = 3                                         {product} {ergonomic}
     uint ConcGCThreads                            = 1                                         {product} {ergonomic}
     uint G1ConcRefinementThreads                  = 4                                         {product} {ergonomic}
   size_t G1HeapRegionSize                         = 1048576                                   {product} {ergonomic}
    uintx GCDrainStackTargetSize                   = 64                                        {product} {ergonomic}
   size_t InitialHeapSize                          = 132120576                                 {product} {ergonomic}
   size_t MarkStackSize                            = 4194304                                   {product} {ergonomic}
   size_t MaxHeapSize                              = 2113929216                                {product} {ergonomic}
   size_t MaxNewSize                               = 1267728384                                {product} {ergonomic}
   size_t MinHeapDeltaBytes                        = 1048576                                   {product} {ergonomic}
   size_t MinHeapSize                              = 8388608                                   {product} {ergonomic}
    uintx NonNMethodCodeHeapSize                   = 5832780                                {pd product} {ergonomic}
    uintx NonProfiledCodeHeapSize                  = 122912730                              {pd product} {ergonomic}
    uintx ProfiledCodeHeapSize                     = 122912730                              {pd product} {ergonomic}
    uintx ReservedCodeCacheSize                    = 251658240                              {pd product} {ergonomic}
     bool SegmentedCodeCache                       = true                                      {product} {ergonomic}
   size_t SoftMaxHeapSize                          = 2113929216                             {manageable} {ergonomic}
     bool UseCompressedClassPointers               = true                           {product lp64_product} {ergonomic}
     bool UseCompressedOops                        = true                           {product lp64_product} {ergonomic}
     bool UseG1GC                                  = true                                      {product} {ergonomic}
     bool UseLargePagesIndividualAllocation        = false                                  {pd product} {ergonomic}

Logging:
Log output configuration:
 #0: stdout all=warning uptime,level,tags
 #1: stderr all=off uptime,level,tags

Environment Variables:
JAVA_HOME=C:\Program Files\Java\jdk-17
PATH=C:\Program Files\Common Files\Oracle\Java\javapath;C:\WINDOWS\system32;C:\WINDOWS;C:\WINDOWS\System32\Wbem;C:\WINDOWS\System32\WindowsPowerShell\v1.0\;C:\WINDOWS\System32\OpenSSH\;C:\Program Files\apache-maven-3.9.5\bin;C:\Program Files\Java\jdk-17\bin;C:\Program Files\MySQL\MySQL Server 8.0\bin;C:\Program Files\Git\cmd;C:\Program Files\Docker\Docker\resources\bin;C:\Program Files\MongoDB\mongosh-2.3.1-win32-x64\bin;C:\Program Files\MySQL\MySQL Shell 8.0\bin\;C:\Users\Tess\AppData\Local\Microsoft\WindowsApps;
USERNAME=Tess
OS=Windows_NT
PROCESSOR_IDENTIFIER=Intel64 Family 6 Model 78 Stepping 3, GenuineIntel



---------------  S Y S T E M  ---------------

OS:
 Windows 10 , 64 bit Build 19041 (10.0.19041.3636)
OS uptime: 9 days 5:06 hours
Hyper-V role detected

CPU: total 4 (initial active 4) (2 cores per cpu, 2 threads per core) family 6 model 78 stepping 3 microcode 0xcc, cx8, cmov, fxsr, ht, mmx, 3dnowpref, sse, sse2, sse3, ssse3, sse4.1, sse4.2, popcnt, lzcnt, tsc, tscinvbit, avx, avx2, aes, erms, clmul, bmi1, bmi2, adx, fma, vzeroupper, clflush, clflushopt, hv

Memory: 4k page, system-wide physical 8063M (514M free)
TotalPageFile size 23247M (AvailPageFile size 5M)
current process WorkingSet (physical memory assigned to process): 109M, peak: 109M
current process commit charge ("private bytes"): 237M, peak: 237M

vm_info: Java HotSpot(TM) 64-Bit Server VM (17.0.9+11-LTS-201) for windows-amd64 JRE (17.0.9+11-LTS-201), built on Oct 10 2023 23:16:06 by "mach5one" with MS VC++ 17.1 (VS2022)

END.
