#
# There is insufficient memory for the Java Runtime Environment to continue.
# Native memory allocation (mmap) failed to map 132120576 bytes for G1 virtual space
# Possible reasons:
#   The system is out of physical RAM or swap space
#   The process is running with CompressedOops enabled, and the Java Heap may be blocking the growth of the native heap
# Possible solutions:
#   Reduce memory load on the system
#   Increase physical memory or swap space
#   Check if swap backing store is full
#   Decrease Java heap size (-Xmx/-Xms)
#   Decrease number of Java threads
#   Decrease Java thread stack sizes (-Xss)
#   Set larger code cache with -XX:ReservedCodeCacheSize=
#   JVM is running with Unscaled Compressed Oops mode in which the Java heap is
#     placed in the first 4GB address space. The Java Heap base address is the
#     maximum limit for the native heap growth. Please use -XX:HeapBaseMinAddress
#     to set the Java Heap base and to place the Java Heap above 4GB virtual address.
# This output file may be truncated or incomplete.
#
#  Out of Memory Error (os_windows.cpp:3552), pid=15336, tid=14732
#
# JRE version:  (17.0.9+11) (build )
# Java VM: Java HotSpot(TM) 64-Bit Server VM (17.0.9+11-LTS-201, mixed mode, sharing, tiered, compressed oops, compressed class ptrs, g1 gc, windows-amd64)
# No core dump will be written. Minidumps are not enabled by default on client versions of Windows
#

---------------  S U M M A R Y ------------

Command Line: -Dnet.bytebuddy.agent.attacher.dump= net.bytebuddy.agent.Attacher com.sun.tools.attach.VirtualMachine 18544 C:\Users\Tess\.m2\repository\net\bytebuddy\byte-buddy-agent\1.14.19\byte-buddy-agent-1.14.19.jar false 

Host: Intel(R) Core(TM) i5-6200U CPU @ 2.30GHz, 4 cores, 7G,  Windows 10 , 64 bit Build 19041 (10.0.19041.3636)
Time: Tue Sep 17 16:47:33 2024 W. Central Africa Standard Time elapsed time: 0.042647 seconds (0d 0h 0m 0s)

---------------  T H R E A D  ---------------

Current thread (0x000001da747226f0):  JavaThread "Unknown thread" [_thread_in_vm, id=14732, stack(0x00000088fbc00000,0x00000088fbd00000)]

Stack: [0x00000088fbc00000,0x00000088fbd00000]
Native frames: (J=compiled Java code, j=interpreted, Vv=VM code, C=native code)
V  [jvm.dll+0x678a4a]
V  [jvm.dll+0x7d9cfd]
V  [jvm.dll+0x7db60e]
V  [jvm.dll+0x7dbc73]
V  [jvm.dll+0x245e1f]
V  [jvm.dll+0x6758f9]
V  [jvm.dll+0x66a2a2]
V  [jvm.dll+0x303686]
V  [jvm.dll+0x30ac06]
V  [jvm.dll+0x35a48e]
V  [jvm.dll+0x35a6bf]
V  [jvm.dll+0x2da678]
V  [jvm.dll+0x2db5e4]
V  [jvm.dll+0x7ab6b1]
V  [jvm.dll+0x368041]
V  [jvm.dll+0x78a749]
V  [jvm.dll+0x3ebd4f]
V  [jvm.dll+0x3ed7d1]
C  [jli.dll+0x5297]
C  [ucrtbase.dll+0x21bb2]
C  [KERNEL32.DLL+0x17344]
C  [ntdll.dll+0x526b1]


---------------  P R O C E S S  ---------------

Threads class SMR info:
_java_thread_list=0x00007ff97ff089d8, length=0, elements={
}

Java Threads: ( => current thread )

Other Threads:
  0x000001da7477b560 GCTaskThread "GC Thread#0" [stack: 0x00000088fbd00000,0x00000088fbe00000] [id=7512]
  0x000001da7478cfd0 ConcurrentGCThread "G1 Main Marker" [stack: 0x00000088fbe00000,0x00000088fbf00000] [id=17080]
  0x000001da7478f0a0 ConcurrentGCThread "G1 Conc#0" [stack: 0x00000088fbf00000,0x00000088fc000000] [id=10428]

[error occurred during error reporting (printing all threads), id 0xc0000005, EXCEPTION_ACCESS_VIOLATION (0xc0000005) at pc=0x00007ff97f73b2d7]

VM state: not at safepoint (not fully initialized)

VM Mutex/Monitor currently owned by a thread:  ([mutex/lock_event])
[0x000001da7471d830] Heap_lock - owner thread: 0x000001da747226f0

Heap address: 0x0000000082000000, size: 2016 MB, Compressed Oops mode: 32-bit

CDS archive(s) mapped at: [0x0000000000000000-0x0000000000000000-0x0000000000000000), size 0, SharedBaseAddress: 0x0000000800000000, ArchiveRelocationMode: 1.
Narrow klass base: 0x0000000000000000, Narrow klass shift: 0, Narrow klass range: 0x0

GC Precious Log:
<Empty>

Heap:
 garbage-first heap   total 0K, used 0K [0x0000000082000000, 0x0000000100000000)
  region size 1024K, 0 young (0K), 0 survivors (0K)

[error occurred during error reporting (printing heap information), id 0xc0000005, EXCEPTION_ACCESS_VIOLATION (0xc0000005) at pc=0x00007ff97fb22229]

GC Heap History (0 events):
No events

Deoptimization events (0 events):
No events

Classes unloaded (0 events):
No events

Classes redefined (0 events):
No events

Internal exceptions (0 events):
No events

VM Operations (0 events):
No events

Events (1 events):
Event: 0.029 Loaded shared library C:\Program Files\Java\jdk-17\bin\java.dll


Dynamic libraries:
0x00007ff6ba220000 - 0x00007ff6ba230000 	C:\Program Files\Java\jdk-17\bin\java.exe
0x00007ff9be5b0000 - 0x00007ff9be7a8000 	C:\WINDOWS\SYSTEM32\ntdll.dll
0x00007ff9bda70000 - 0x00007ff9bdb2d000 	C:\WINDOWS\System32\KERNEL32.DLL
0x00007ff9bc040000 - 0x00007ff9bc336000 	C:\WINDOWS\System32\KERNELBASE.dll
0x00007ff9bc470000 - 0x00007ff9bc570000 	C:\WINDOWS\System32\ucrtbase.dll
0x00007ff9b6320000 - 0x00007ff9b633b000 	C:\Program Files\Java\jdk-17\bin\VCRUNTIME140.dll
0x00007ff9b6a90000 - 0x00007ff9b6aa9000 	C:\Program Files\Java\jdk-17\bin\jli.dll
0x00007ff9bd580000 - 0x00007ff9bd630000 	C:\WINDOWS\System32\ADVAPI32.dll
0x00007ff9be100000 - 0x00007ff9be19e000 	C:\WINDOWS\System32\msvcrt.dll
0x00007ff9bd820000 - 0x00007ff9bd8c0000 	C:\WINDOWS\System32\sechost.dll
0x00007ff9be1a0000 - 0x00007ff9be2c3000 	C:\WINDOWS\System32\RPCRT4.dll
0x00007ff9bbc60000 - 0x00007ff9bbc87000 	C:\WINDOWS\System32\bcrypt.dll
0x00007ff9bc5e0000 - 0x00007ff9bc77f000 	C:\WINDOWS\System32\USER32.dll
0x00007ff9bbdb0000 - 0x00007ff9bbdd2000 	C:\WINDOWS\System32\win32u.dll
0x00007ff9bc780000 - 0x00007ff9bc7ab000 	C:\WINDOWS\System32\GDI32.dll
0x00007ff9bbc90000 - 0x00007ff9bbda7000 	C:\WINDOWS\System32\gdi32full.dll
0x00007ff9bc3d0000 - 0x00007ff9bc46d000 	C:\WINDOWS\System32\msvcp_win.dll
0x00007ff9a98c0000 - 0x00007ff9a9b5a000 	C:\WINDOWS\WinSxS\amd64_microsoft.windows.common-controls_6595b64144ccf1df_6.0.19041.4355_none_60b8b9eb71f62e16\COMCTL32.dll
0x00007ff9b5370000 - 0x00007ff9b537a000 	C:\WINDOWS\SYSTEM32\VERSION.dll
0x00007ff9bd540000 - 0x00007ff9bd572000 	C:\WINDOWS\System32\IMM32.DLL
0x00007ff9b5f70000 - 0x00007ff9b5f7c000 	C:\Program Files\Java\jdk-17\bin\vcruntime140_1.dll
0x00007ff99a210000 - 0x00007ff99a29e000 	C:\Program Files\Java\jdk-17\bin\msvcp140.dll
0x00007ff97f450000 - 0x00007ff980031000 	C:\Program Files\Java\jdk-17\bin\server\jvm.dll
0x00007ff9bd930000 - 0x00007ff9bd938000 	C:\WINDOWS\System32\PSAPI.DLL
0x00007ff9a6dc0000 - 0x00007ff9a6dc9000 	C:\WINDOWS\SYSTEM32\WSOCK32.dll
0x00007ff9be020000 - 0x00007ff9be08b000 	C:\WINDOWS\System32\WS2_32.dll
0x00007ff9a9b60000 - 0x00007ff9a9b87000 	C:\WINDOWS\SYSTEM32\WINMM.dll
0x00007ff9ba430000 - 0x00007ff9ba442000 	C:\WINDOWS\SYSTEM32\kernel.appcore.dll
0x00007ff9b5f60000 - 0x00007ff9b5f6a000 	C:\Program Files\Java\jdk-17\bin\jimage.dll
0x00007ff9b9920000 - 0x00007ff9b9b04000 	C:\WINDOWS\SYSTEM32\DBGHELP.DLL
0x00007ff9a30b0000 - 0x00007ff9a30e4000 	C:\WINDOWS\SYSTEM32\dbgcore.DLL
0x00007ff9bc340000 - 0x00007ff9bc3c2000 	C:\WINDOWS\System32\bcryptPrimitives.dll
0x00007ff9b4af0000 - 0x00007ff9b4b15000 	C:\Program Files\Java\jdk-17\bin\java.dll

dbghelp: loaded successfully - version: 4.0.5 - missing functions: none
symbol engine: initialized successfully - sym options: 0x614 - pdb path: .;C:\Program Files\Java\jdk-17\bin;C:\WINDOWS\SYSTEM32;C:\WINDOWS\WinSxS\amd64_microsoft.windows.common-controls_6595b64144ccf1df_6.0.19041.4355_none_60b8b9eb71f62e16;C:\Program Files\Java\jdk-17\bin\server

VM Arguments:
jvm_args: -Dnet.bytebuddy.agent.attacher.dump= 
java_command: net.bytebuddy.agent.Attacher com.sun.tools.attach.VirtualMachine 18544 C:\Users\Tess\.m2\repository\net\bytebuddy\byte-buddy-agent\1.14.19\byte-buddy-agent-1.14.19.jar false 
java_class_path (initial): C:\Users\Tess\.m2\repository\net\bytebuddy\byte-buddy-agent\1.14.19\byte-buddy-agent-1.14.19.jar
Launcher Type: SUN_STANDARD

[Global flags]
     intx CICompilerCount                          = 3                                         {product} {ergonomic}
     uint ConcGCThreads                            = 1                                         {product} {ergonomic}
     uint G1ConcRefinementThreads                  = 4                                         {product} {ergonomic}
   size_t G1HeapRegionSize                         = 1048576                                   {product} {ergonomic}
    uintx GCDrainStackTargetSize                   = 64                                        {product} {ergonomic}
   size_t InitialHeapSize                          = 132120576                                 {product} {ergonomic}
   size_t MarkStackSize                            = 4194304                                   {product} {ergonomic}
   size_t MaxHeapSize                              = 2113929216                                {product} {ergonomic}
   size_t MinHeapDeltaBytes                        = 1048576                                   {product} {ergonomic}
   size_t MinHeapSize                              = 8388608                                   {product} {ergonomic}
    uintx NonNMethodCodeHeapSize                   = 5832780                                {pd product} {ergonomic}
    uintx NonProfiledCodeHeapSize                  = 122912730                              {pd product} {ergonomic}
    uintx ProfiledCodeHeapSize                     = 122912730                              {pd product} {ergonomic}
    uintx ReservedCodeCacheSize                    = 251658240                              {pd product} {ergonomic}
     bool SegmentedCodeCache                       = true                                      {product} {ergonomic}
   size_t SoftMaxHeapSize                          = 2113929216                             {manageable} {ergonomic}
     bool UseCompressedClassPointers               = true                           {product lp64_product} {ergonomic}
     bool UseCompressedOops                        = true                           {product lp64_product} {ergonomic}
     bool UseG1GC                                  = true                                      {product} {ergonomic}
     bool UseLargePagesIndividualAllocation        = false                                  {pd product} {ergonomic}

Logging:
Log output configuration:
 #0: stdout all=warning uptime,level,tags
 #1: stderr all=off uptime,level,tags

Environment Variables:
JAVA_HOME=C:\Program Files\Java\jdk-17
PATH=C:\Program Files\Common Files\Oracle\Java\javapath;C:\WINDOWS\system32;C:\WINDOWS;C:\WINDOWS\System32\Wbem;C:\WINDOWS\System32\WindowsPowerShell\v1.0\;C:\WINDOWS\System32\OpenSSH\;C:\Program Files\apache-maven-3.9.5\bin;C:\Program Files\Java\jdk-17\bin;C:\Program Files\MySQL\MySQL Server 8.0\bin;C:\Program Files\Git\cmd;C:\Program Files\Docker\Docker\resources\bin;C:\Program Files\MongoDB\mongosh-2.3.1-win32-x64\bin;C:\Program Files\MySQL\MySQL Shell 8.0\bin\;C:\Users\Tess\AppData\Local\Microsoft\WindowsApps;
USERNAME=Tess
OS=Windows_NT
PROCESSOR_IDENTIFIER=Intel64 Family 6 Model 78 Stepping 3, GenuineIntel



---------------  S Y S T E M  ---------------

OS:
 Windows 10 , 64 bit Build 19041 (10.0.19041.3636)
OS uptime: 9 days 4:59 hours
Hyper-V role detected

CPU: total 4 (initial active 4) (2 cores per cpu, 2 threads per core) family 6 model 78 stepping 3 microcode 0xcc, cx8, cmov, fxsr, ht, mmx, 3dnowpref, sse, sse2, sse3, ssse3, sse4.1, sse4.2, popcnt, lzcnt, tsc, tscinvbit, avx, avx2, aes, erms, clmul, bmi1, bmi2, adx, fma, vzeroupper, clflush, clflushopt, hv

Memory: 4k page, system-wide physical 8063M (390M free)
TotalPageFile size 23247M (AvailPageFile size 54M)
current process WorkingSet (physical memory assigned to process): 10M, peak: 10M
current process commit charge ("private bytes"): 51M, peak: 177M

vm_info: Java HotSpot(TM) 64-Bit Server VM (17.0.9+11-LTS-201) for windows-amd64 JRE (17.0.9+11-LTS-201), built on Oct 10 2023 23:16:06 by "mach5one" with MS VC++ 17.1 (VS2022)

END.
